(set_error_handler || set_exception_handler) caught this error. #Bubbled up#

SQLSTATE[HY093]: Invalid parameter number: number of bound variables does not match number of tokens


	1)  /Users/richardmiles/Documents/WebServer/Stats.Coach/index.php (34): CarbonPHP\CarbonPHP->__invoke ('App\\StatsCoach')
				["App\\StatsCoach"]

	2)  /Users/richardmiles/Documents/WebServer/Stats.Coach/vendor/richardtmiles/carbonphp/CarbonPHP.php (33): startApplication (false)
				[false]

	3)  /Users/richardmiles/Documents/WebServer/Stats.Coach/vendor/richardtmiles/carbonphp/Helpers/Application.php (75): App\StatsCoach->startApplication (NULL)
				[null]

	4)  /Users/richardmiles/Documents/WebServer/Stats.Coach/StatsCoach.php (130): CarbonPHP\Route->match ('AddCourse/Basic...', 'Golf', 'AddCourseBasic')
				["AddCourse\/Basic\/{state?}\/*","Golf","AddCourseBasic"]

	5)  /Users/richardmiles/Documents/WebServer/Stats.Coach/vendor/richardtmiles/carbonphp/Route.php (190): App\StatsCoach->CarbonPHP\{closure} ('Golf', 'AddCourseBasic', Array)
				["Golf","AddCourseBasic",[false,false,false,"Lake Park ","Public","18","16 lake park ","flower mound","Texas",1,0,18]]

	6)  /Users/richardmiles/Documents/WebServer/Stats.Coach/vendor/richardtmiles/carbonphp/Application.php (46): MVC ('Golf', 'addcoursebasic', Array)
				["Golf","addcoursebasic",[false,false,false,"Lake Park ","Public","18","16 lake park ","flower mound","Texas",1,0,18]]

	7)  /Users/richardmiles/Documents/WebServer/Stats.Coach/vendor/richardtmiles/carbonphp/Helpers/Application.php (269): {closure} ()
				[]

	8)  /Users/richardmiles/Documents/WebServer/Stats.Coach/vendor/richardtmiles/carbonphp/Helpers/Application.php (147): {closure} ()
				[]

	9)  /Users/richardmiles/Documents/WebServer/Stats.Coach/vendor/richardtmiles/carbonphp/Helpers/Application.php (223): {closure} ('Model\\Golf', Array)
				["Model\\Golf",[false,false,false,"Lake Park ","Public","18","16 lake park ","flower mound","Texas",1,0,18]]

	10)  /Users/richardmiles/Documents/WebServer/Stats.Coach/vendor/richardtmiles/carbonphp/Helpers/Application.php (216): Model\Golf->AddCourseBasic (false, false, false, 'Lake Park ', 'Public', '18', '16 lake park ', 'flower mound', 'Texas', 1, 0, 18)
				[false,false,false,"Lake Park ","Public","18","16 lake park ","flower mound","Texas",1,0,18]

	11)  /Users/richardmiles/Documents/WebServer/Stats.Coach/model/Golf.php (298): CarbonPHP\Entities::commit (Object (Closure))
				[{}]

	12)  /Users/richardmiles/Documents/WebServer/Stats.Coach/vendor/richardtmiles/carbonphp/Entities.php (122): Model\Golf->Model\{closure} ()
				[]

	13)  /Users/richardmiles/Documents/WebServer/Stats.Coach/model/Golf.php (297): startApplication (true)
				[true]

	14)  /Users/richardmiles/Documents/WebServer/Stats.Coach/vendor/richardtmiles/carbonphp/Helpers/Application.php (64): CarbonPHP\Session::update (true)
				[true]

	15)  /Users/richardmiles/Documents/WebServer/Stats.Coach/vendor/richardtmiles/carbonphp/Session.php (141): CarbonPHP\CarbonPHP->{closure} (true)
				[true]

	16)  /Users/richardmiles/Documents/WebServer/Stats.Coach/config/config.php (242): Table\carbon_users::Get (Array, '71EB90B4D10111E...', Array)
				[[],"71EB90B4D10111E89F328F0D91AFBA99",[]]

	17)  /Users/richardmiles/Documents/WebServer/Stats.Coach/table/carbon_users.php (305): Table\carbon_users::bind (Object (PDOStatement), Array)
				[{"queryString":"SELECT HEX(user_id) as user_id, user_type, user_sport, user_session_id, user_facebook_id, user_username, user_first_name, user_last_name, user_profile_pic, user_profile_uri, user_cover_photo, user_birthday, user_gender, user_about_me, user_rank, user_password, user_email, user_email_code, user_email_confirmed, user_generated_string, user_membership, user_deactivated, user_last_login, user_ip, user_education_history, user_location, user_creation_date FROM StatsCoach.carbon_users WHERE  user_id=UNHEX(:injection1buildWhere) ORDER BY user_id ASC LIMIT 100"},[]]

	18)  /Users/richardmiles/Documents/WebServer/Stats.Coach/table/carbon_users.php (178): PDOStatement->execute ()
				[]

