(set_error_handler || set_exception_handler) caught this error. #Bubbled up#

There is already an active transaction


	1)  /Users/richardmiles/Documents/WebServer/Stats.Coach/index.php (34): CarbonPHP\CarbonPHP->__invoke ('App\\StatsCoach')
				["App\\StatsCoach"]

	2)  /Users/richardmiles/Documents/WebServer/Stats.Coach/vendor/richardtmiles/carbonphp/CarbonPHP.php (33): startApplication (false)
				[false]

	3)  /Users/richardmiles/Documents/WebServer/Stats.Coach/vendor/richardtmiles/carbonphp/Helpers/Application.php (75): App\StatsCoach->startApplication (NULL)
				[null]

	4)  /Users/richardmiles/Documents/WebServer/Stats.Coach/StatsCoach.php (130): CarbonPHP\Route->match ('AddCourse/Basic...', 'Golf', 'AddCourseBasic')
				["AddCourse\/Basic\/{state?}\/*","Golf","AddCourseBasic"]

	5)  /Users/richardmiles/Documents/WebServer/Stats.Coach/vendor/richardtmiles/carbonphp/Route.php (190): App\StatsCoach->CarbonPHP\{closure} ('Golf', 'AddCourseBasic', Array)
				["Golf","AddCourseBasic",[false,false,false,"fdsa","Public","18","fdsaf","fdsa","Texas",1,0,18]]

	6)  /Users/richardmiles/Documents/WebServer/Stats.Coach/vendor/richardtmiles/carbonphp/Application.php (46): MVC ('Golf', 'addcoursebasic', Array)
				["Golf","addcoursebasic",[false,false,false,"fdsa","Public","18","fdsaf","fdsa","Texas",1,0,18]]

	7)  /Users/richardmiles/Documents/WebServer/Stats.Coach/vendor/richardtmiles/carbonphp/Helpers/Application.php (269): {closure} ()
				[]

	8)  /Users/richardmiles/Documents/WebServer/Stats.Coach/vendor/richardtmiles/carbonphp/Helpers/Application.php (147): {closure} ()
				[]

	9)  /Users/richardmiles/Documents/WebServer/Stats.Coach/vendor/richardtmiles/carbonphp/Helpers/Application.php (223): {closure} ('Model\\Golf', Array)
				["Model\\Golf",[false,false,false,"fdsa","Public","18","fdsaf","fdsa","Texas",1,0,18]]

	10)  /Users/richardmiles/Documents/WebServer/Stats.Coach/vendor/richardtmiles/carbonphp/Helpers/Application.php (216): Model\Golf->AddCourseBasic (false, false, false, 'fdsa', 'Public', '18', 'fdsaf', 'fdsa', 'Texas', 1, 0, 18)
				[false,false,false,"fdsa","Public","18","fdsaf","fdsa","Texas",1,0,18]

	11)  /Users/richardmiles/Documents/WebServer/Stats.Coach/model/Golf.php (295): Table\carbon_locations::Post (Array)
				[[]]

	12)  /Users/richardmiles/Documents/WebServer/Stats.Coach/table/carbon_locations.php (261): CarbonPHP\Entities::beginTransaction ('carbon_location...')
				["carbon_locations"]

	13)  /Users/richardmiles/Documents/WebServer/Stats.Coach/vendor/richardtmiles/carbonphp/Entities.php (148): PDO->beginTransaction ()
				[]

