(set_error_handler || set_exception_handler) caught this error. #Bubbled up#

SQLSTATE[42000]: Syntax error or access violation: 1064 You have an error in your SQL syntax; check the manual that corresponds to your MySQL server version for the right syntax to use near 'ASC LIMIT 100' at line 1


	1)  /Users/richardmiles/Documents/WebServer/Stats.Coach/index.php (34): CarbonPHP\CarbonPHP->__invoke ('App\\StatsCoach')
				["App\\StatsCoach"]

	2)  /Users/richardmiles/Documents/WebServer/Stats.Coach/vendor/richardtmiles/carbonphp/CarbonPHP.php (33): startApplication (false)
				[false]

	3)  /Users/richardmiles/Documents/WebServer/Stats.Coach/vendor/richardtmiles/carbonphp/Helpers/Application.php (75): App\StatsCoach->startApplication (NULL)
				[null]

	4)  /Users/richardmiles/Documents/WebServer/Stats.Coach/StatsCoach.php (130): CarbonPHP\Route->match ('AddCourse/Basic...', 'Golf', 'AddCourseBasic')
				["AddCourse\/Basic\/{state?}\/*","Golf","AddCourseBasic"]

	5)  /Users/richardmiles/Documents/WebServer/Stats.Coach/vendor/richardtmiles/carbonphp/Route.php (190): App\StatsCoach->CarbonPHP\{closure} ('Golf', 'AddCourseBasic', Array)
				["Golf","AddCourseBasic",[false,false,false,"Lake Park","Public","18","6 Lake Park rd","Lewisville","Texas",1,0,18]]

	6)  /Users/richardmiles/Documents/WebServer/Stats.Coach/vendor/richardtmiles/carbonphp/Application.php (46): MVC ('Golf', 'addcoursebasic', Array)
				["Golf","addcoursebasic",[false,false,false,"Lake Park","Public","18","6 Lake Park rd","Lewisville","Texas",1,0,18]]

	7)  /Users/richardmiles/Documents/WebServer/Stats.Coach/vendor/richardtmiles/carbonphp/Helpers/Application.php (269): {closure} ()
				[]

	8)  /Users/richardmiles/Documents/WebServer/Stats.Coach/vendor/richardtmiles/carbonphp/Helpers/Application.php (147): {closure} ()
				[]

	9)  /Users/richardmiles/Documents/WebServer/Stats.Coach/vendor/richardtmiles/carbonphp/Helpers/Application.php (223): {closure} ('Model\\Golf', Array)
				["Model\\Golf",[false,false,false,"Lake Park","Public","18","6 Lake Park rd","Lewisville","Texas",1,0,18]]

	10)  /Users/richardmiles/Documents/WebServer/Stats.Coach/vendor/richardtmiles/carbonphp/Helpers/Application.php (216): Model\Golf->AddCourseBasic (false, false, false, 'Lake Park', 'Public', '18', '6 Lake Park rd', 'Lewisville', 'Texas', 1, 0, 18)
				[false,false,false,"Lake Park","Public","18","6 Lake Park rd","Lewisville","Texas",1,0,18]

	11)  /Users/richardmiles/Documents/WebServer/Stats.Coach/model/Golf.php (298): CarbonPHP\Entities::commit (Object (Closure))
				[{}]

	12)  /Users/richardmiles/Documents/WebServer/Stats.Coach/vendor/richardtmiles/carbonphp/Entities.php (122): Model\Golf->Model\{closure} ()
				[]

	13)  /Users/richardmiles/Documents/WebServer/Stats.Coach/model/Golf.php (297): startApplication (true)
				[true]

	14)  /Users/richardmiles/Documents/WebServer/Stats.Coach/vendor/richardtmiles/carbonphp/Helpers/Application.php (64): CarbonPHP\Session::update (true)
				[true]

	15)  /Users/richardmiles/Documents/WebServer/Stats.Coach/vendor/richardtmiles/carbonphp/Session.php (141): CarbonPHP\CarbonPHP->{closure} (true)
				[true]

	16)  /Users/richardmiles/Documents/WebServer/Stats.Coach/config/config.php (259): Table\user_messages::Get (Array, '71EB90B4D10111E...', Array)
				[[],"71EB90B4D10111E89F328F0D91AFBA99",[]]

	17)  /Users/richardmiles/Documents/WebServer/Stats.Coach/table/user_messages.php (213): Table\user_messages::bind (Object (PDOStatement), Array)
				[{"queryString":"SELECT HEX(message_id) as message_id, HEX(to_user_id) as to_user_id, message, message_read FROM StatsCoach.user_messages ORDER BY  ASC LIMIT 100"},[]]

	18)  /Users/richardmiles/Documents/WebServer/Stats.Coach/table/user_messages.php (87): PDOStatement->execute ()
				[]

