
Carbon caught this Message: Undefined index: user_type
line: /Users/richardmiles/Documents/WebServer/Stats.Coach/table/carbon_users.php(71)


	1)  /Users/richardmiles/Documents/WebServer/Stats.Coach/index.php (34): CarbonPHP\CarbonPHP->__invoke ('App\\StatsCoach')
				["App\\StatsCoach"]

	2)  /Users/richardmiles/Documents/WebServer/Stats.Coach/vendor/richardtmiles/carbonphp/CarbonPHP.php (33): startApplication (false)
				[false]

	3)  /Users/richardmiles/Documents/WebServer/Stats.Coach/vendor/richardtmiles/carbonphp/Helpers/Application.php (75): App\StatsCoach->startApplication (NULL)
				[null]

	4)  /Users/richardmiles/Documents/WebServer/Stats.Coach/StatsCoach.php (79): App\StatsCoach->userSettings ()
				[]

	5)  /Users/richardmiles/Documents/WebServer/Stats.Coach/StatsCoach.php (179): Table\carbon_users::Get (Array, '71EB90B4D10111E...', Array)
				[{"user_id":"71EB90B4D10111E89F328F0D91AFBA99","user_type":"Athlete","user_sport":"GOLF","user_session_id":null,"user_facebook_id":null,"user_username":"Admin","user_first_name":"Richard","user_last_name":"Miles","user_profile_pic":"\/view\/img\/Carbon-red.png","user_profile_uri":null,"user_cover_photo":null,"user_birthday":null,"user_gender":"male","user_about_me":null,"user_rank":"0","user_password":"AdminAdmin","user_email":"tmiles199@gmail.com","user_email_code":null,"user_email_confirmed":"1","user_generated_string":null,"user_membership":"0","user_deactivated":null,"user_last_login":"2018-10-16 00:07:57","user_ip":"127.0.0.1","user_education_history":"","user_location":"","user_creation_date":"2018-10-16 00:07:57","stats":{"stats_id":"71EB90B4D10111E89F328F0D91AFBA99","stats_tournaments":"0","stats_rounds":"0","stats_handicap":"0","stats_strokes":"0","stats_ffs":"0","stats_gnr":"0","stats_putts":"0"}},"71EB90B4D10111E89F328F0D91AFBA99",[]]

	6)  /Users/richardmiles/Documents/WebServer/Stats.Coach/table/carbon_users.php (306): Table\carbon_users::bind (Object (PDOStatement), Array)
				[{"queryString":"SELECT HEX(user_id) as user_id, user_type, user_sport, user_session_id, user_facebook_id, user_username, user_first_name, user_last_name, user_profile_pic, user_profile_uri, user_cover_photo, user_birthday, user_gender, user_about_me, user_rank, user_password, user_email, user_email_code, user_email_confirmed, user_generated_string, user_membership, user_deactivated, user_last_login, user_ip, user_education_history, user_location, user_creation_date FROM StatsCoach.carbon_users WHERE  user_id=UNHEX(:injection0buildWhere) ORDER BY user_id ASC LIMIT 100"},[]]

	7)  /Users/richardmiles/Documents/WebServer/Stats.Coach/table/carbon_users.php (71): CarbonPHP\Error\ErrorCatcher::CarbonPHP\Error\{closure} (8, 'Undefined index...', '/Users/richardm...', 71, Array)
				[8,"Undefined index: user_type","\/Users\/richardmiles\/Documents\/WebServer\/Stats.Coach\/table\/carbon_users.php",71,{"stmt":{"queryString":"SELECT HEX(user_id) as user_id, user_type, user_sport, user_session_id, user_facebook_id, user_username, user_first_name, user_last_name, user_profile_pic, user_profile_uri, user_cover_photo, user_birthday, user_gender, user_about_me, user_rank, user_password, user_email, user_email_code, user_email_confirmed, user_generated_string, user_membership, user_deactivated, user_last_login, user_ip, user_education_history, user_location, user_creation_date FROM StatsCoach.carbon_users WHERE  user_id=UNHEX(:injection0buildWhere) ORDER BY user_id ASC LIMIT 100"},"argv":[]}]


Carbon caught this Message: Undefined index: user_type
line: /Users/richardmiles/Documents/WebServer/Stats.Coach/table/carbon_users.php(71)


	1)  /Users/richardmiles/Documents/WebServer/Stats.Coach/index.php (34): CarbonPHP\CarbonPHP->__invoke ('App\\StatsCoach')
				["App\\StatsCoach"]

	2)  /Users/richardmiles/Documents/WebServer/Stats.Coach/vendor/richardtmiles/carbonphp/CarbonPHP.php (33): startApplication (false)
				[false]

	3)  /Users/richardmiles/Documents/WebServer/Stats.Coach/vendor/richardtmiles/carbonphp/Helpers/Application.php (75): App\StatsCoach->startApplication (NULL)
				[null]

	4)  /Users/richardmiles/Documents/WebServer/Stats.Coach/StatsCoach.php (79): App\StatsCoach->userSettings ()
				[]

	5)  /Users/richardmiles/Documents/WebServer/Stats.Coach/StatsCoach.php (179): Table\carbon_users::Get (Array, '71EB90B4D10111E...', Array)
				[{"user_id":"71EB90B4D10111E89F328F0D91AFBA99","user_type":"Athlete","user_sport":"GOLF","user_session_id":null,"user_facebook_id":null,"user_username":"Admin","user_first_name":"Richard","user_last_name":"Miles","user_profile_pic":"\/view\/img\/Carbon-red.png","user_profile_uri":null,"user_cover_photo":null,"user_birthday":null,"user_gender":"male","user_about_me":null,"user_rank":"0","user_password":"AdminAdmin","user_email":"tmiles199@gmail.com","user_email_code":null,"user_email_confirmed":"1","user_generated_string":null,"user_membership":"0","user_deactivated":null,"user_last_login":"2018-10-16 00:07:57","user_ip":"127.0.0.1","user_education_history":"","user_location":"","user_creation_date":"2018-10-16 00:07:57","stats":{"stats_id":"71EB90B4D10111E89F328F0D91AFBA99","stats_tournaments":"0","stats_rounds":"0","stats_handicap":"0","stats_strokes":"0","stats_ffs":"0","stats_gnr":"0","stats_putts":"0"}},"71EB90B4D10111E89F328F0D91AFBA99",[]]

	6)  /Users/richardmiles/Documents/WebServer/Stats.Coach/table/carbon_users.php (306): Table\carbon_users::bind (Object (PDOStatement), Array)
				[{"queryString":"SELECT HEX(user_id) as user_id, user_type, user_sport, user_session_id, user_facebook_id, user_username, user_first_name, user_last_name, user_profile_pic, user_profile_uri, user_cover_photo, user_birthday, user_gender, user_about_me, user_rank, user_password, user_email, user_email_code, user_email_confirmed, user_generated_string, user_membership, user_deactivated, user_last_login, user_ip, user_education_history, user_location, user_creation_date FROM StatsCoach.carbon_users WHERE  user_id=UNHEX(:injection0buildWhere) ORDER BY user_id ASC LIMIT 100"},[]]

	7)  /Users/richardmiles/Documents/WebServer/Stats.Coach/table/carbon_users.php (71): CarbonPHP\Error\ErrorCatcher::CarbonPHP\Error\{closure} (8, 'Undefined index...', '/Users/richardm...', 71, Array)
				[8,"Undefined index: user_type","\/Users\/richardmiles\/Documents\/WebServer\/Stats.Coach\/table\/carbon_users.php",71,{"stmt":{"queryString":"SELECT HEX(user_id) as user_id, user_type, user_sport, user_session_id, user_facebook_id, user_username, user_first_name, user_last_name, user_profile_pic, user_profile_uri, user_cover_photo, user_birthday, user_gender, user_about_me, user_rank, user_password, user_email, user_email_code, user_email_confirmed, user_generated_string, user_membership, user_deactivated, user_last_login, user_ip, user_education_history, user_location, user_creation_date FROM StatsCoach.carbon_users WHERE  user_id=UNHEX(:injection0buildWhere) ORDER BY user_id ASC LIMIT 100"},"argv":[]}]

