(set_error_handler || set_exception_handler) caught this error. #Bubbled up#

SQLSTATE[22001]: String data, right truncated: 1406 Data too long for column 'course_name' at row 1


	1)  /Users/KristinCarden/Stats.Coach/index.php (47): CarbonPHP\CarbonPHP::run ('App\\StatsCoach')
				["App\\StatsCoach"]

	2)  /Users/KristinCarden/Stats.Coach/vendor/richardtmiles/carbonphp/CarbonPHP.php (115): CarbonPHP\CarbonPHP::startApplication (false)
				[false]

	3)  /Users/KristinCarden/Stats.Coach/vendor/richardtmiles/carbonphp/CarbonPHP.php (105): App\StatsCoach->startApplication ('AddCourse/Basic')
				["AddCourse\/Basic"]

	4)  /Users/KristinCarden/Stats.Coach/StatsCoach.php (137): CarbonPHP\Route->match ('AddCourse/Basic...', 'Golf', 'AddCourseBasic')
				["AddCourse\/Basic\/{state?}\/*","Golf","AddCourseBasic"]

	5)  /Users/KristinCarden/Stats.Coach/vendor/richardtmiles/carbonphp/Route.php (190): App\StatsCoach->CarbonPHP\{closure} ('Golf', 'AddCourseBasic', Array)
				["Golf","AddCourseBasic",["(214) 555-1234",false,false,"Lake ParkLake Park","Semi-private","18","6 Lake Park Rd, TX 75057","Lewisville","California",3,2,18]]

	6)  /Users/KristinCarden/Stats.Coach/vendor/richardtmiles/carbonphp/Application.php (166): CarbonPHP\Application::ControllerModelView ('Golf', 'addcoursebasic', Array)
				["Golf","addcoursebasic",["(214) 555-1234",false,false,"Lake ParkLake Park","Semi-private","18","6 Lake Park Rd, TX 75057","Lewisville","California",3,2,18]]

	7)  /Users/KristinCarden/Stats.Coach/vendor/richardtmiles/carbonphp/Application.php (137): CarbonPHP\Error\ErrorCatcher::CarbonPHP\Error\{closure} ()
				[]

	8)  /Users/KristinCarden/Stats.Coach/vendor/richardtmiles/carbonphp/error/ErrorCatcher.php (52): CarbonPHP\Application::CarbonPHP\{closure} ()
				[]

	9)  /Users/KristinCarden/Stats.Coach/vendor/richardtmiles/carbonphp/Application.php (87): CarbonPHP\Application::CarbonPHP\{closure} ('Model\\Golf', Array)
				["Model\\Golf",["(214) 555-1234",false,false,"Lake ParkLake Park","Semi-private","18","6 Lake Park Rd, TX 75057","Lewisville","California",3,2,18]]

	10)  /Users/KristinCarden/Stats.Coach/vendor/richardtmiles/carbonphp/Application.php (80): Model\Golf->AddCourseBasic (' (214) 555-1234', false, false, 'Lake ParkLake P...', 'Semi-private', '18', '6 Lake Park Rd,...', 'Lewisville', 'California', 3, 2, 18)
				["(214) 555-1234",false,false,"Lake ParkLake Park","Semi-private","18","6 Lake Park Rd, TX 75057","Lewisville","California",3,2,18]

	11)  /Users/KristinCarden/Stats.Coach/model/Golf.php (462): Tables\carbon_golf_courses::Put (Array, 'FE197EE0653811E...', Array)
				[{"course_id":"FE197EE0653811E991C8A85EDD3D9843","course_name":"Lake Park","course_holes":"18","course_phone":"(214) 555-1234","course_difficulty":null,"course_rank":null,"course_tee_boxes":[],"course_par":[],"course_handicap":[],"course_par_out":"0","course_par_in":"0","par_tot":"0","course_par_hcp":"0","course_type":"18","course_access":"Semi-private","pga_professional":"0","website":"0","created_by":"E053EBF2653811E991C8A85EDD3D9843","course_input_completed":"0","tee_boxes":"3","handicap_count":"2","location":{"entity_id":"FE197EE0653811E991C8A85EDD3D9843","latitude":null,"longitude":null,"street":"6 Lake Park Rd, TX 75057","city":"Lewisville","state":"California","elevation":null}},"FE197EE0653811E991C8A85EDD3D9843",{"course_name":"Lake ParkLake Park","created_by":"E053EBF2653811E991C8A85EDD3D9843","course_input_completed":0,"tee_boxes":3,"handicap_count":2,"pga_professional":false,"website":false,"course_holes":18,"course_phone":"(214) 555-1234","course_type":"18","course_access":"Semi-private","course_handicap":[]}]

	12)  /Users/KristinCarden/Stats.Coach/tables/carbon_golf_courses.php (491): Tables\carbon_golf_courses::bind (Object (PDOStatement), Array)
				[{"queryString":"UPDATE StatsCoach.carbon_golf_courses  SET course_name=:course_name,course_holes=:course_holes,course_phone=:course_phone,course_handicap=:course_handicap,course_type=:course_type,course_access=:course_access,pga_professional=:pga_professional,website=:website,created_by=UNHEX(:created_by),course_input_completed=:course_input_completed,tee_boxes=:tee_boxes,handicap_count=:handicap_count WHERE  course_id=UNHEX(:injection0buildWhere)"},{"course_name":"Lake ParkLake Park","created_by":"E053EBF2653811E991C8A85EDD3D9843","course_input_completed":0,"tee_boxes":3,"handicap_count":2,"pga_professional":false,"website":false,"course_holes":18,"course_phone":"(214) 555-1234","course_type":"18","course_access":"Semi-private","course_handicap":[]}]

	13)  /Users/KristinCarden/Stats.Coach/tables/carbon_golf_courses.php (152): PDOStatement->execute ()
				[]

