(set_error_handler || set_exception_handler) caught this error. #Bubbled up#

SQLSTATE[23000]: Integrity constraint violation: 1452 Cannot add or update a child row: a foreign key constraint fails (`statscoach`.`golf_course`, CONSTRAINT `golf_course_carbon_users_user_id_fk` FOREIGN KEY (`course_id`) REFERENCES `carbon_users` (`user_id`))


	1)  /Users/richardmiles/Documents/WebServer/Stats.Coach/index.php (34): CarbonPHP\CarbonPHP->__invoke ('App\\StatsCoach')
				["App\\StatsCoach"]

	2)  /Users/richardmiles/Documents/WebServer/Stats.Coach/vendor/richardtmiles/carbonphp/CarbonPHP.php (33): startApplication (false)
				[false]

	3)  /Users/richardmiles/Documents/WebServer/Stats.Coach/vendor/richardtmiles/carbonphp/Helpers/Application.php (75): App\StatsCoach->startApplication (NULL)
				[null]

	4)  /Users/richardmiles/Documents/WebServer/Stats.Coach/StatsCoach.php (130): CarbonPHP\Route->match ('AddCourse/Basic...', 'Golf', 'AddCourseBasic')
				["AddCourse\/Basic\/{state?}\/*","Golf","AddCourseBasic"]

	5)  /Users/richardmiles/Documents/WebServer/Stats.Coach/vendor/richardtmiles/carbonphp/Route.php (190): App\StatsCoach->CarbonPHP\{closure} ('Golf', 'AddCourseBasic', Array)
				["Golf","AddCourseBasic",[false,false,false,"Richard Miles","Public","18","4906 Wimberly ln","Baytown","Tennessee",1,0,18]]

	6)  /Users/richardmiles/Documents/WebServer/Stats.Coach/vendor/richardtmiles/carbonphp/Application.php (46): MVC ('Golf', 'addcoursebasic', Array)
				["Golf","addcoursebasic",[false,false,false,"Richard Miles","Public","18","4906 Wimberly ln","Baytown","Tennessee",1,0,18]]

	7)  /Users/richardmiles/Documents/WebServer/Stats.Coach/vendor/richardtmiles/carbonphp/Helpers/Application.php (269): {closure} ()
				[]

	8)  /Users/richardmiles/Documents/WebServer/Stats.Coach/vendor/richardtmiles/carbonphp/Helpers/Application.php (147): {closure} ()
				[]

	9)  /Users/richardmiles/Documents/WebServer/Stats.Coach/vendor/richardtmiles/carbonphp/Helpers/Application.php (223): {closure} ('Model\\Golf', Array)
				["Model\\Golf",[false,false,false,"Richard Miles","Public","18","4906 Wimberly ln","Baytown","Tennessee",1,0,18]]

	10)  /Users/richardmiles/Documents/WebServer/Stats.Coach/vendor/richardtmiles/carbonphp/Helpers/Application.php (216): Model\Golf->AddCourseBasic (false, false, false, 'Richard Miles', 'Public', '18', '4906 Wimberly l...', 'Baytown', 'Tennessee', 1, 0, 18)
				[false,false,false,"Richard Miles","Public","18","4906 Wimberly ln","Baytown","Tennessee",1,0,18]

	11)  /Users/richardmiles/Documents/WebServer/Stats.Coach/model/Golf.php (284): Table\golf_course::Post (Array)
				[{"course_name":"Richard Miles","created_by":"71EB90B4D10111E89F328F0D91AFBA99","course_input_completed":0,"tee_boxes":1,"handicap_count":0,"pga":false,"site":false,"course_holes":18,"course_phone":false,"course_type":"18","course_access":"Public","course_par":"","course_handicap":""}]

	12)  /Users/richardmiles/Documents/WebServer/Stats.Coach/table/golf_course.php (391): PDOStatement->execute ()
				[]

