(set_error_handler || set_exception_handler) caught this error. #Bubbled up#

SQLSTATE[HY093]: Invalid parameter number: number of bound variables does not match number of tokens


	1)  /Users/richardmiles/Documents/WebServer/Stats.Coach/index.php (34): CarbonPHP\CarbonPHP->__invoke ('App\\StatsCoach')
				["App\\StatsCoach"]

	2)  /Users/richardmiles/Documents/WebServer/Stats.Coach/vendor/richardtmiles/carbonphp/CarbonPHP.php (33): startApplication (false)
				[false]

	3)  /Users/richardmiles/Documents/WebServer/Stats.Coach/vendor/richardtmiles/carbonphp/Helpers/Application.php (75): App\StatsCoach->startApplication (NULL)
				[null]

	4)  /Users/richardmiles/Documents/WebServer/Stats.Coach/StatsCoach.php (130): CarbonPHP\Route->match ('AddCourse/Basic...', 'Golf', 'AddCourseBasic')
				["AddCourse\/Basic\/{state?}\/*","Golf","AddCourseBasic"]

	5)  /Users/richardmiles/Documents/WebServer/Stats.Coach/vendor/richardtmiles/carbonphp/Route.php (190): App\StatsCoach->CarbonPHP\{closure} ('Golf', 'AddCourseBasic', Array)
				["Golf","AddCourseBasic",[null]]

	6)  /Users/richardmiles/Documents/WebServer/Stats.Coach/vendor/richardtmiles/carbonphp/Application.php (46): MVC ('Golf', 'addcoursebasic', Array)
				["Golf","addcoursebasic",[null]]

	7)  /Users/richardmiles/Documents/WebServer/Stats.Coach/vendor/richardtmiles/carbonphp/Helpers/Application.php (269): {closure} ()
				[]

	8)  /Users/richardmiles/Documents/WebServer/Stats.Coach/vendor/richardtmiles/carbonphp/Helpers/Application.php (147): {closure} ()
				[]

	9)  /Users/richardmiles/Documents/WebServer/Stats.Coach/vendor/richardtmiles/carbonphp/Helpers/Application.php (221): {closure} ('Controller\\Golf', Array)
				["Controller\\Golf",[null]]

	10)  /Users/richardmiles/Documents/WebServer/Stats.Coach/vendor/richardtmiles/carbonphp/Helpers/Application.php (216): Controller\Golf->AddCourseBasic (NULL)
				[null]

	11)  /Users/richardmiles/Documents/WebServer/Stats.Coach/controller/Golf.php (101): Table\golf_course::Get (Array, NULL, Array)
				[[],null,{"where":{"created_by":"71EB90B4D10111E89F328F0D91AFBA99","course_input_completed":null},"pagination":{"limit":1}}]

	12)  /Users/richardmiles/Documents/WebServer/Stats.Coach/table/golf_course.php (292): Table\golf_course::bind (Object (PDOStatement), Array)
				[{"queryString":"SELECT HEX(course_id) as course_id, course_name, course_holes, course_phone, course_difficulty, course_rank, box_color_1, box_color_2, box_color_3, box_color_4, box_color_5, course_par, course_par_out, course_par_in, par_tot, course_par_hcp, course_type, course_access, course_handicap, pga_professional, website, HEX(created_by) as created_by, course_input_completed FROM StatsCoach.golf_course WHERE ((created_by = UNHEX(:created_by)) AND (course_input_completed = :course_input_completed)) ORDER BY course_id ASC  LIMIT 1"},{"created_by":"71EB90B4D10111E89F328F0D91AFBA99","course_input_completed":null}]

	13)  /Users/richardmiles/Documents/WebServer/Stats.Coach/table/golf_course.php (164): PDOStatement->execute ()
				[]

