(set_error_handler || set_exception_handler) caught this error. #Bubbled up#

syntax error, unexpected ';'


	1)  /Users/richardmiles/Documents/WebServer/Stats.Coach/index.php (34): CarbonPHP\CarbonPHP->__invoke ('App\\StatsCoach')
				["App\\StatsCoach"]

	2)  /Users/richardmiles/Documents/WebServer/Stats.Coach/vendor/richardtmiles/carbonphp/CarbonPHP.php (33): startApplication (false)
				[false]

	3)  /Users/richardmiles/Documents/WebServer/Stats.Coach/vendor/richardtmiles/carbonphp/Helpers/Application.php (75): App\StatsCoach->startApplication (NULL)
				[null]

	4)  /Users/richardmiles/Documents/WebServer/Stats.Coach/StatsCoach.php (130): CarbonPHP\Route->match ('AddCourse/Basic...', 'Golf', 'AddCourseBasic')
				["AddCourse\/Basic\/{state?}\/*","Golf","AddCourseBasic"]

	5)  /Users/richardmiles/Documents/WebServer/Stats.Coach/vendor/richardtmiles/carbonphp/Route.php (190): App\StatsCoach->CarbonPHP\{closure} ('Golf', 'AddCourseBasic', Array)
				["Golf","AddCourseBasic",[null]]

	6)  /Users/richardmiles/Documents/WebServer/Stats.Coach/vendor/richardtmiles/carbonphp/Application.php (46): MVC ('Golf', 'addcoursebasic', Array)
				["Golf","addcoursebasic",[null]]

	7)  /Users/richardmiles/Documents/WebServer/Stats.Coach/vendor/richardtmiles/carbonphp/Helpers/Application.php (269): {closure} ()
				[]

	8)  /Users/richardmiles/Documents/WebServer/Stats.Coach/vendor/richardtmiles/carbonphp/Helpers/Application.php (147): {closure} ()
				[]

	9)  /Users/richardmiles/Documents/WebServer/Stats.Coach/vendor/richardtmiles/carbonphp/Helpers/Application.php (221): {closure} ('Controller\\Golf', Array)
				["Controller\\Golf",[null]]

	10)  /Users/richardmiles/Documents/WebServer/Stats.Coach/vendor/richardtmiles/carbonphp/Helpers/Application.php (216): Controller\Golf->AddCourseBasic (NULL)
				[null]

	11)  /Users/richardmiles/Documents/WebServer/Stats.Coach/controller/Golf.php (100): spl_autoload_call ('Table\\golf_cour...')
				["Table\\golf_course"]

	12)  [internal function]: Composer\Autoload\ClassLoader->loadClass ('Table\\golf_cour...')
				["Table\\golf_course"]

	13)  /Users/richardmiles/Documents/WebServer/Stats.Coach/vendor/composer/ClassLoader.php (322): Composer\Autoload\includeFile ('/Users/richardm...')
				["\/Users\/richardmiles\/Documents\/WebServer\/Stats.Coach\/vendor\/composer\/..\/..\/table\/golf_course.php"]

